2025-09-29 01:11:06 [restartedMain] INFO  com.motmap.MotmapApplication - Starting MotmapApplication using Java 17.0.12 with PID 7076 (C:\Coding\MOTMAP\build\classes\java\main started by ASUS in C:\Coding\MOTMAP)
2025-09-29 01:11:06 [restartedMain] DEBUG com.motmap.MotmapApplication - Running with Spring Boot v3.2.0, Spring v6.1.1
2025-09-29 01:11:06 [restartedMain] INFO  com.motmap.MotmapApplication - No active profile set, falling back to 1 default profile: "default"
2025-09-29 01:11:06 [restartedMain] INFO  o.s.b.d.e.DevToolsPropertyDefaultsPostProcessor - Devtools property defaults active! Set 'spring.devtools.add-properties' to 'false' to disable
2025-09-29 01:11:06 [restartedMain] INFO  o.s.b.d.e.DevToolsPropertyDefaultsPostProcessor - For additional web related logging consider setting the 'logging.level.web' property to 'DEBUG'
2025-09-29 01:11:07 [restartedMain] INFO  o.s.d.r.c.RepositoryConfigurationDelegate - Bootstrapping Spring Data JPA repositories in DEFAULT mode.
2025-09-29 01:11:07 [restartedMain] INFO  o.s.d.r.c.RepositoryConfigurationDelegate - Finished Spring Data repository scanning in 73 ms. Found 1 JPA repository interface.
2025-09-29 01:11:08 [restartedMain] INFO  o.s.b.w.e.tomcat.TomcatWebServer - Tomcat initialized with port 8080 (http)
2025-09-29 01:11:08 [restartedMain] INFO  o.a.catalina.core.StandardService - Starting service [Tomcat]
2025-09-29 01:11:08 [restartedMain] INFO  o.a.catalina.core.StandardEngine - Starting Servlet engine: [Apache Tomcat/10.1.16]
2025-09-29 01:11:08 [restartedMain] INFO  o.a.c.c.C.[Tomcat].[localhost].[/] - Initializing Spring embedded WebApplicationContext
2025-09-29 01:11:08 [restartedMain] INFO  o.s.b.w.s.c.ServletWebServerApplicationContext - Root WebApplicationContext: initialization completed in 1907 ms
2025-09-29 01:11:08 [restartedMain] INFO  com.zaxxer.hikari.HikariDataSource - HikariPool-1 - Starting...
2025-09-29 01:11:08 [restartedMain] INFO  com.zaxxer.hikari.pool.HikariPool - HikariPool-1 - Added connection conn0: url=jdbc:h2:mem:motmap user=SA
2025-09-29 01:11:08 [restartedMain] INFO  com.zaxxer.hikari.HikariDataSource - HikariPool-1 - Start completed.
2025-09-29 01:11:08 [restartedMain] INFO  o.s.b.a.h.H2ConsoleAutoConfiguration - H2 console available at '/h2-console'. Database available at 'jdbc:h2:mem:motmap'
2025-09-29 01:11:08 [restartedMain] INFO  o.h.jpa.internal.util.LogHelper - HHH000204: Processing PersistenceUnitInfo [name: default]
2025-09-29 01:11:09 [restartedMain] INFO  org.hibernate.Version - HHH000412: Hibernate ORM core version 6.3.1.Final
2025-09-29 01:11:09 [restartedMain] INFO  o.h.c.i.RegionFactoryInitiator - HHH000026: Second-level cache disabled
2025-09-29 01:11:09 [restartedMain] INFO  o.s.o.j.p.SpringPersistenceUnitInfo - No LoadTimeWeaver setup: ignoring JPA class transformer
2025-09-29 01:11:09 [restartedMain] WARN  org.hibernate.orm.deprecation - HHH90000025: H2Dialect does not need to be specified explicitly using 'hibernate.dialect' (remove the property setting and it will be selected by default)
2025-09-29 01:11:10 [restartedMain] INFO  o.h.e.t.j.p.i.JtaPlatformInitiator - HHH000489: No JTA platform available (set 'hibernate.transaction.jta.platform' to enable JTA platform integration)
2025-09-29 01:11:10 [restartedMain] DEBUG org.hibernate.SQL - 
    drop table if exists restaurants cascade 
2025-09-29 01:11:10 [restartedMain] DEBUG org.hibernate.SQL - 
    create table restaurants (
        latitude float(53) not null,
        longitude float(53) not null,
        rating integer not null,
        created_at timestamp(6) not null,
        id bigint generated by default as identity,
        updated_at timestamp(6),
        review varchar(1000),
        address varchar(255) not null,
        category varchar(255) not null check (category in ('KOREAN','CHINESE','JAPANESE','WESTERN','CAFE','ETC')),
        name varchar(255) not null,
        primary key (id)
    )
2025-09-29 01:11:10 [restartedMain] DEBUG org.hibernate.SQL - 
    create index idx_restaurant_category 
       on restaurants (category)
2025-09-29 01:11:10 [restartedMain] DEBUG org.hibernate.SQL - 
    create index idx_restaurant_rating 
       on restaurants (rating)
2025-09-29 01:11:10 [restartedMain] DEBUG org.hibernate.SQL - 
    create index idx_restaurant_location 
       on restaurants (latitude, longitude)
2025-09-29 01:11:10 [restartedMain] DEBUG org.hibernate.SQL - 
    create index idx_restaurant_created_at 
       on restaurants (created_at)
2025-09-29 01:11:10 [restartedMain] INFO  o.s.o.j.LocalContainerEntityManagerFactoryBean - Initialized JPA EntityManagerFactory for persistence unit 'default'
2025-09-29 01:11:10 [restartedMain] INFO  o.s.d.j.r.query.QueryEnhancerFactory - Hibernate is in classpath; If applicable, HQL parser will be used.
2025-09-29 01:11:11 [restartedMain] WARN  o.s.b.a.o.j.JpaBaseConfiguration$JpaWebConfiguration - spring.jpa.open-in-view is enabled by default. Therefore, database queries may be performed during view rendering. Explicitly configure spring.jpa.open-in-view to disable this warning
2025-09-29 01:11:11 [restartedMain] INFO  o.s.b.a.w.s.WelcomePageHandlerMapping - Adding welcome page template: index
2025-09-29 01:11:11 [restartedMain] DEBUG o.s.w.s.m.m.a.RequestMappingHandlerMapping - 15 mappings in 'requestMappingHandlerMapping'
2025-09-29 01:11:11 [restartedMain] DEBUG o.s.w.s.h.SimpleUrlHandlerMapping - Patterns [/webjars/**, /**] in 'resourceHandlerMapping'
2025-09-29 01:11:11 [restartedMain] DEBUG o.s.w.s.m.m.a.RequestMappingHandlerAdapter - ControllerAdvice beans: 0 @ModelAttribute, 0 @InitBinder, 1 RequestBodyAdvice, 1 ResponseBodyAdvice
2025-09-29 01:11:11 [restartedMain] DEBUG o.s.w.s.m.m.a.ExceptionHandlerExceptionResolver - ControllerAdvice beans: 1 @ExceptionHandler, 1 ResponseBodyAdvice
2025-09-29 01:11:11 [restartedMain] INFO  o.s.b.d.a.OptionalLiveReloadServer - LiveReload server is running on port 35729
2025-09-29 01:11:11 [restartedMain] INFO  o.s.b.w.e.tomcat.TomcatWebServer - Tomcat started on port 8080 (http) with context path ''
2025-09-29 01:11:11 [restartedMain] INFO  com.motmap.MotmapApplication - Started MotmapApplication in 5.784 seconds (process running for 6.244)
2025-09-29 01:11:11 [restartedMain] DEBUG org.hibernate.SQL - 
    select
        count(*) 
    from
        restaurants r1_0
2025-09-29 01:11:12 [restartedMain] DEBUG org.hibernate.SQL - 
    insert 
    into
        restaurants
        (address, category, created_at, latitude, longitude, name, rating, review, updated_at, id) 
    values
        (?, ?, ?, ?, ?, ?, ?, ?, ?, default)
2025-09-29 01:11:12 [restartedMain] DEBUG org.hibernate.SQL - 
    insert 
    into
        restaurants
        (address, category, created_at, latitude, longitude, name, rating, review, updated_at, id) 
    values
        (?, ?, ?, ?, ?, ?, ?, ?, ?, default)
2025-09-29 01:11:12 [restartedMain] DEBUG org.hibernate.SQL - 
    insert 
    into
        restaurants
        (address, category, created_at, latitude, longitude, name, rating, review, updated_at, id) 
    values
        (?, ?, ?, ?, ?, ?, ?, ?, ?, default)
2025-09-29 01:11:12 [restartedMain] DEBUG org.hibernate.SQL - 
    insert 
    into
        restaurants
        (address, category, created_at, latitude, longitude, name, rating, review, updated_at, id) 
    values
        (?, ?, ?, ?, ?, ?, ?, ?, ?, default)
2025-09-29 01:11:12 [restartedMain] DEBUG org.hibernate.SQL - 
    insert 
    into
        restaurants
        (address, category, created_at, latitude, longitude, name, rating, review, updated_at, id) 
    values
        (?, ?, ?, ?, ?, ?, ?, ?, ?, default)
2025-09-29 01:11:15 [http-nio-8080-exec-1] INFO  o.a.c.c.C.[Tomcat].[localhost].[/] - Initializing Spring DispatcherServlet 'dispatcherServlet'
2025-09-29 01:11:15 [http-nio-8080-exec-1] INFO  o.s.web.servlet.DispatcherServlet - Initializing Servlet 'dispatcherServlet'
2025-09-29 01:11:15 [http-nio-8080-exec-1] DEBUG o.s.web.servlet.DispatcherServlet - Detected StandardServletMultipartResolver
2025-09-29 01:11:15 [http-nio-8080-exec-1] DEBUG o.s.web.servlet.DispatcherServlet - Detected AcceptHeaderLocaleResolver
2025-09-29 01:11:15 [http-nio-8080-exec-1] DEBUG o.s.web.servlet.DispatcherServlet - Detected FixedThemeResolver
2025-09-29 01:11:15 [http-nio-8080-exec-1] DEBUG o.s.web.servlet.DispatcherServlet - Detected org.springframework.web.servlet.view.DefaultRequestToViewNameTranslator@3ff8b1b
2025-09-29 01:11:15 [http-nio-8080-exec-1] DEBUG o.s.web.servlet.DispatcherServlet - Detected org.springframework.web.servlet.support.SessionFlashMapManager@4cca4c5b
2025-09-29 01:11:15 [http-nio-8080-exec-1] DEBUG o.s.web.servlet.DispatcherServlet - enableLoggingRequestDetails='false': request parameters and headers will be masked to prevent unsafe logging of potentially sensitive data
2025-09-29 01:11:15 [http-nio-8080-exec-1] INFO  o.s.web.servlet.DispatcherServlet - Completed initialization in 3 ms
2025-09-29 01:11:15 [http-nio-8080-exec-1] DEBUG o.s.web.servlet.DispatcherServlet - GET "/swagger-ui/index.html", parameters={}
2025-09-29 01:11:15 [http-nio-8080-exec-1] DEBUG o.s.w.s.h.SimpleUrlHandlerMapping - Mapped to ResourceHttpRequestHandler [classpath [META-INF/resources/], classpath [resources/], classpath [static/], classpath [public/], ServletContext [/]]
2025-09-29 01:11:15 [http-nio-8080-exec-1] DEBUG o.s.w.s.r.ResourceHttpRequestHandler - Resource not found
2025-09-29 01:11:15 [http-nio-8080-exec-1] DEBUG o.s.w.s.m.m.a.ExceptionHandlerExceptionResolver - Using @ExceptionHandler com.motmap.exception.GlobalExceptionHandler#handleGenericError(Exception)
2025-09-29 01:11:15 [http-nio-8080-exec-1] DEBUG o.s.w.s.m.m.a.HttpEntityMethodProcessor - Using 'application/json;q=0.8', given [text/html, application/xhtml+xml, image/avif, image/webp, image/apng, application/xml;q=0.9, */*;q=0.8, application/signed-exchange;v=b3;q=0.7] and supported [application/json, application/*+json]
2025-09-29 01:11:15 [http-nio-8080-exec-1] DEBUG o.s.w.s.m.m.a.HttpEntityMethodProcessor - Writing [{error=INTERNAL_ERROR, message=서버 내부 오류가 발생했습니다., status=500}]
2025-09-29 01:11:15 [http-nio-8080-exec-1] WARN  o.s.w.s.m.m.a.ExceptionHandlerExceptionResolver - Resolved [org.springframework.web.servlet.resource.NoResourceFoundException: No static resource swagger-ui/index.html.]
2025-09-29 01:11:15 [http-nio-8080-exec-1] DEBUG o.s.web.servlet.DispatcherServlet - Completed 500 INTERNAL_SERVER_ERROR
2025-09-29 01:11:16 [http-nio-8080-exec-2] DEBUG o.s.web.servlet.DispatcherServlet - GET "/favicon.ico", parameters={}
2025-09-29 01:11:16 [http-nio-8080-exec-2] DEBUG o.s.w.s.h.SimpleUrlHandlerMapping - Mapped to ResourceHttpRequestHandler [classpath [META-INF/resources/], classpath [resources/], classpath [static/], classpath [public/], ServletContext [/]]
2025-09-29 01:11:16 [http-nio-8080-exec-2] DEBUG o.s.w.s.r.ResourceHttpRequestHandler - Resource not found
2025-09-29 01:11:16 [http-nio-8080-exec-2] DEBUG o.s.w.s.m.m.a.ExceptionHandlerExceptionResolver - Using @ExceptionHandler com.motmap.exception.GlobalExceptionHandler#handleGenericError(Exception)
2025-09-29 01:11:16 [http-nio-8080-exec-2] DEBUG o.s.w.s.m.m.a.HttpEntityMethodProcessor - Using 'application/json;q=0.8', given [image/avif, image/webp, image/apng, image/svg+xml, image/*, */*;q=0.8] and supported [application/json, application/*+json]
2025-09-29 01:11:16 [http-nio-8080-exec-2] DEBUG o.s.w.s.m.m.a.HttpEntityMethodProcessor - Writing [{error=INTERNAL_ERROR, message=서버 내부 오류가 발생했습니다., status=500}]
2025-09-29 01:11:16 [http-nio-8080-exec-2] WARN  o.s.w.s.m.m.a.ExceptionHandlerExceptionResolver - Resolved [org.springframework.web.servlet.resource.NoResourceFoundException: No static resource favicon.ico.]
2025-09-29 01:11:16 [http-nio-8080-exec-2] DEBUG o.s.web.servlet.DispatcherServlet - Completed 500 INTERNAL_SERVER_ERROR
2025-09-29 01:11:33 [http-nio-8080-exec-3] DEBUG o.s.web.servlet.DispatcherServlet - GET "/", parameters={}
2025-09-29 01:11:33 [http-nio-8080-exec-3] DEBUG o.s.w.s.m.m.a.RequestMappingHandlerMapping - Mapped to com.motmap.controller.ViewController#index()
2025-09-29 01:11:33 [http-nio-8080-exec-3] DEBUG o.s.w.s.v.ContentNegotiatingViewResolver - Selected 'text/html' given [text/html, application/xhtml+xml, image/avif, image/webp, image/apng, application/xml;q=0.9, */*;q=0.8, application/signed-exchange;v=b3;q=0.7]
2025-09-29 01:11:33 [http-nio-8080-exec-3] DEBUG o.s.web.servlet.DispatcherServlet - Completed 200 OK
2025-09-29 01:11:33 [http-nio-8080-exec-4] DEBUG o.s.web.servlet.DispatcherServlet - GET "/css/style.css", parameters={}
2025-09-29 01:11:33 [http-nio-8080-exec-4] DEBUG o.s.w.s.h.SimpleUrlHandlerMapping - Mapped to ResourceHttpRequestHandler [classpath [META-INF/resources/], classpath [resources/], classpath [static/], classpath [public/], ServletContext [/]]
2025-09-29 01:11:33 [http-nio-8080-exec-5] DEBUG o.s.web.servlet.DispatcherServlet - GET "/js/api.js", parameters={}
2025-09-29 01:11:33 [http-nio-8080-exec-7] DEBUG o.s.web.servlet.DispatcherServlet - GET "/js/restaurant.js", parameters={}
2025-09-29 01:11:33 [http-nio-8080-exec-6] DEBUG o.s.web.servlet.DispatcherServlet - GET "/js/map.js", parameters={}
2025-09-29 01:11:33 [http-nio-8080-exec-8] DEBUG o.s.web.servlet.DispatcherServlet - GET "/js/main.js", parameters={}
2025-09-29 01:11:33 [http-nio-8080-exec-7] DEBUG o.s.w.s.h.SimpleUrlHandlerMapping - Mapped to ResourceHttpRequestHandler [classpath [META-INF/resources/], classpath [resources/], classpath [static/], classpath [public/], ServletContext [/]]
2025-09-29 01:11:33 [http-nio-8080-exec-8] DEBUG o.s.w.s.h.SimpleUrlHandlerMapping - Mapped to ResourceHttpRequestHandler [classpath [META-INF/resources/], classpath [resources/], classpath [static/], classpath [public/], ServletContext [/]]
2025-09-29 01:11:33 [http-nio-8080-exec-5] DEBUG o.s.w.s.h.SimpleUrlHandlerMapping - Mapped to ResourceHttpRequestHandler [classpath [META-INF/resources/], classpath [resources/], classpath [static/], classpath [public/], ServletContext [/]]
2025-09-29 01:11:33 [http-nio-8080-exec-6] DEBUG o.s.w.s.h.SimpleUrlHandlerMapping - Mapped to ResourceHttpRequestHandler [classpath [META-INF/resources/], classpath [resources/], classpath [static/], classpath [public/], ServletContext [/]]
2025-09-29 01:11:33 [http-nio-8080-exec-4] DEBUG o.s.web.servlet.DispatcherServlet - Completed 200 OK
2025-09-29 01:11:33 [http-nio-8080-exec-5] DEBUG o.s.web.servlet.DispatcherServlet - Completed 200 OK
2025-09-29 01:11:33 [http-nio-8080-exec-6] DEBUG o.s.web.servlet.DispatcherServlet - Completed 200 OK
2025-09-29 01:11:33 [http-nio-8080-exec-8] DEBUG o.s.web.servlet.DispatcherServlet - Completed 200 OK
2025-09-29 01:11:33 [http-nio-8080-exec-7] DEBUG o.s.web.servlet.DispatcherServlet - Completed 200 OK
2025-09-29 01:11:33 [http-nio-8080-exec-9] DEBUG o.s.web.servlet.DispatcherServlet - GET "/api/restaurants", parameters={}
2025-09-29 01:11:33 [http-nio-8080-exec-9] DEBUG o.s.w.s.m.m.a.RequestMappingHandlerMapping - Mapped to com.motmap.controller.RestaurantController#getAllRestaurants()
2025-09-29 01:11:33 [http-nio-8080-exec-9] DEBUG org.hibernate.SQL - 
    select
        r1_0.id,
        r1_0.address,
        r1_0.category,
        r1_0.created_at,
        r1_0.latitude,
        r1_0.longitude,
        r1_0.name,
        r1_0.rating,
        r1_0.review,
        r1_0.updated_at 
    from
        restaurants r1_0
2025-09-29 01:11:33 [http-nio-8080-exec-10] DEBUG o.s.web.servlet.DispatcherServlet - GET "/favicon.ico", parameters={}
2025-09-29 01:11:33 [http-nio-8080-exec-10] DEBUG o.s.w.s.h.SimpleUrlHandlerMapping - Mapped to ResourceHttpRequestHandler [classpath [META-INF/resources/], classpath [resources/], classpath [static/], classpath [public/], ServletContext [/]]
2025-09-29 01:11:33 [http-nio-8080-exec-9] DEBUG o.s.w.s.m.m.a.HttpEntityMethodProcessor - Using 'application/json', given [*/*] and supported [application/json, application/*+json]
2025-09-29 01:11:33 [http-nio-8080-exec-9] DEBUG o.s.w.s.m.m.a.HttpEntityMethodProcessor - Writing [[com.motmap.dto.RestaurantResponseDto@570378d9, com.motmap.dto.RestaurantResponseDto@3cc19220, com.m (truncated)...]
2025-09-29 01:11:33 [http-nio-8080-exec-10] DEBUG o.s.w.s.r.ResourceHttpRequestHandler - Resource not found
2025-09-29 01:11:33 [http-nio-8080-exec-10] DEBUG o.s.w.s.m.m.a.ExceptionHandlerExceptionResolver - Using @ExceptionHandler com.motmap.exception.GlobalExceptionHandler#handleGenericError(Exception)
2025-09-29 01:11:33 [http-nio-8080-exec-10] DEBUG o.s.w.s.m.m.a.HttpEntityMethodProcessor - Using 'application/json;q=0.8', given [image/avif, image/webp, image/apng, image/svg+xml, image/*, */*;q=0.8] and supported [application/json, application/*+json]
2025-09-29 01:11:33 [http-nio-8080-exec-10] DEBUG o.s.w.s.m.m.a.HttpEntityMethodProcessor - Writing [{error=INTERNAL_ERROR, message=서버 내부 오류가 발생했습니다., status=500}]
2025-09-29 01:11:33 [http-nio-8080-exec-10] WARN  o.s.w.s.m.m.a.ExceptionHandlerExceptionResolver - Resolved [org.springframework.web.servlet.resource.NoResourceFoundException: No static resource favicon.ico.]
2025-09-29 01:11:33 [http-nio-8080-exec-10] DEBUG o.s.web.servlet.DispatcherServlet - Completed 500 INTERNAL_SERVER_ERROR
2025-09-29 01:11:33 [http-nio-8080-exec-9] DEBUG o.s.web.servlet.DispatcherServlet - Completed 200 OK
2025-09-29 01:11:36 [http-nio-8080-exec-1] DEBUG o.s.web.servlet.DispatcherServlet - GET "/api/restaurants/category/KOREAN", parameters={}
2025-09-29 01:11:36 [http-nio-8080-exec-1] DEBUG o.s.w.s.m.m.a.RequestMappingHandlerMapping - Mapped to com.motmap.controller.RestaurantController#getRestaurantsByCategory(Category)
2025-09-29 01:11:36 [http-nio-8080-exec-1] DEBUG org.hibernate.SQL - 
    select
        r1_0.id,
        r1_0.address,
        r1_0.category,
        r1_0.created_at,
        r1_0.latitude,
        r1_0.longitude,
        r1_0.name,
        r1_0.rating,
        r1_0.review,
        r1_0.updated_at 
    from
        restaurants r1_0 
    where
        r1_0.category=?
2025-09-29 01:11:36 [http-nio-8080-exec-1] DEBUG o.s.w.s.m.m.a.HttpEntityMethodProcessor - Using 'application/json', given [*/*] and supported [application/json, application/*+json]
2025-09-29 01:11:36 [http-nio-8080-exec-1] DEBUG o.s.w.s.m.m.a.HttpEntityMethodProcessor - Writing [[com.motmap.dto.RestaurantResponseDto@1976a1de, com.motmap.dto.RestaurantResponseDto@62872168]]
2025-09-29 01:11:36 [http-nio-8080-exec-1] DEBUG o.s.web.servlet.DispatcherServlet - Completed 200 OK
2025-09-29 01:11:39 [http-nio-8080-exec-2] DEBUG o.s.web.servlet.DispatcherServlet - GET "/api/restaurants/category/KOREAN", parameters={}
2025-09-29 01:11:39 [http-nio-8080-exec-2] DEBUG o.s.w.s.m.m.a.RequestMappingHandlerMapping - Mapped to com.motmap.controller.RestaurantController#getRestaurantsByCategory(Category)
2025-09-29 01:11:39 [http-nio-8080-exec-2] DEBUG org.hibernate.SQL - 
    select
        r1_0.id,
        r1_0.address,
        r1_0.category,
        r1_0.created_at,
        r1_0.latitude,
        r1_0.longitude,
        r1_0.name,
        r1_0.rating,
        r1_0.review,
        r1_0.updated_at 
    from
        restaurants r1_0 
    where
        r1_0.category=?
2025-09-29 01:11:39 [http-nio-8080-exec-2] DEBUG o.s.w.s.m.m.a.HttpEntityMethodProcessor - Using 'application/json', given [*/*] and supported [application/json, application/*+json]
2025-09-29 01:11:39 [http-nio-8080-exec-2] DEBUG o.s.w.s.m.m.a.HttpEntityMethodProcessor - Writing [[com.motmap.dto.RestaurantResponseDto@2e860862, com.motmap.dto.RestaurantResponseDto@3134b25e]]
2025-09-29 01:11:39 [http-nio-8080-exec-2] DEBUG o.s.web.servlet.DispatcherServlet - Completed 200 OK
2025-09-29 01:11:46 [http-nio-8080-exec-3] DEBUG o.s.web.servlet.DispatcherServlet - GET "/api/restaurants/search?keyword=%EC%8A%A4%ED%83%80%EB%B2%85%EC%8A%A4", parameters={masked}
2025-09-29 01:11:46 [http-nio-8080-exec-3] DEBUG o.s.w.s.m.m.a.RequestMappingHandlerMapping - Mapped to com.motmap.controller.RestaurantController#searchRestaurants(String)
2025-09-29 01:11:46 [http-nio-8080-exec-3] DEBUG org.hibernate.SQL - 
    select
        r1_0.id,
        r1_0.address,
        r1_0.category,
        r1_0.created_at,
        r1_0.latitude,
        r1_0.longitude,
        r1_0.name,
        r1_0.rating,
        r1_0.review,
        r1_0.updated_at 
    from
        restaurants r1_0 
    where
        lower(r1_0.name) like lower(('%'||?||'%')) escape '' 
        or lower(r1_0.address) like lower(('%'||?||'%')) escape '' 
        or lower(r1_0.review) like lower(('%'||?||'%')) escape ''
2025-09-29 01:11:46 [http-nio-8080-exec-3] DEBUG o.s.w.s.m.m.a.HttpEntityMethodProcessor - Using 'application/json', given [*/*] and supported [application/json, application/*+json]
2025-09-29 01:11:46 [http-nio-8080-exec-3] DEBUG o.s.w.s.m.m.a.HttpEntityMethodProcessor - Writing [[com.motmap.dto.RestaurantResponseDto@97d4d61]]
2025-09-29 01:11:46 [http-nio-8080-exec-3] DEBUG o.s.web.servlet.DispatcherServlet - Completed 200 OK
